INFO: Found elm at /usr/local/bin/elm
INFO: Found elm 0.19.0
INFO: Found elm-format at /usr/local/bin/elm-format
INFO: Found elm-format 0.8.0
INFO: Cleaning ./elm-stuff before upgrading
INFO: Converting elm-package.json -> elm.json
INFO: Detected an application project (this project has no exposed modules)
INFO: Switching from NoRedInk/elm-decode-pipeline (deprecated) to NoRedInk/elm-json-decode-pipeline
INFO: Installing latest version of NoRedInk/elm-json-decode-pipeline
INFO: Switching from elm-lang/core (deprecated) to elm/core
INFO: Installing latest version of elm/core
INFO: Detected use of elm-lang/core#Json.Decode; installing elm/json
INFO: Detected use of elm-lang/core#Random; installing elm/random
INFO: Detected use of elm-lang/core#Time; installing elm/time
INFO: Switching from elm-lang/html (deprecated) to elm/html
INFO: Installing latest version of elm/html
INFO: Switching from elm-lang/http (deprecated) to elm/http
INFO: Installing latest version of elm/http
INFO: Switching from elm-lang/svg (deprecated) to elm/svg
INFO: Installing latest version of elm/svg
WARNING: elm-lang/websocket has not been upgraded to 0.19 yet!
INFO: Upgrading *.elm files in src/


SUCCESS! Your project's dependencies and code have been upgraded.
However, your project may not yet compile due to API changes in your
dependencies.

See <https://github.com/elm/compiler/blob/master/upgrade-docs/0.19.md>
and the documentation for your dependencies for more information.

WARNING! 1 of your dependencies have not yet been upgraded to
support Elm 0.19.
  - https://github.com/elm-lang/websocket

